<?xml version="1.0" encoding="UTF-8"?>
<testng-results skipped="0" failed="1" ignored="0" total="1" passed="0">
  <reporter-output>
  </reporter-output>
  <suite name="Default suite" duration-ms="49100" started-at="2019-08-21T06:45:07Z" finished-at="2019-08-21T06:45:56Z">
    <groups>
      <group name="cucumber">
        <method signature="CucumberRunnerTestNG.feature(cucumber.api.testng.CucumberFeatureWrapper)[pri:0, instance:cucumberRunner.CucumberRunnerTestNG@52a86356]" name="feature" class="cucumberRunner.CucumberRunnerTestNG"/>
      </group> <!-- cucumber -->
    </groups>
    <test name="Default test" duration-ms="49100" started-at="2019-08-21T06:45:07Z" finished-at="2019-08-21T06:45:56Z">
      <class name="cucumberRunner.CucumberRunnerTestNG">
        <test-method status="PASS" signature="setUpClass()[pri:0, instance:cucumberRunner.CucumberRunnerTestNG@52a86356]" name="setUpClass" is-config="true" duration-ms="395" started-at="2019-08-21T06:45:07Z" finished-at="2019-08-21T06:45:07Z">
          <reporter-output>
          </reporter-output>
        </test-method> <!-- setUpClass -->
        <test-method status="FAIL" signature="feature(cucumber.api.testng.CucumberFeatureWrapper)[pri:0, instance:cucumberRunner.CucumberRunnerTestNG@52a86356]" name="feature" duration-ms="48502" started-at="2019-08-21T06:45:08Z" description="Runs Cucumber Feature" data-provider="features" finished-at="2019-08-21T06:45:56Z">
          <params>
            <param index="0">
              <value>
                <![CDATA[Perform operations on youtube]]>
              </value>
            </param>
          </params>
          <exception class="cucumber.runtime.CucumberException">
            <message>
              <![CDATA[java.lang.NullPointerException]]>
            </message>
            <full-stacktrace>
              <![CDATA[cucumber.runtime.CucumberException: java.lang.NullPointerException
at cucumber.api.testng.TestNGCucumberRunner.runCucumber(TestNGCucumberRunner.java:69)
at cucumberRunner.CucumberRunnerTestNG.feature(CucumberRunnerTestNG.java:41)
at sun.reflect.NativeMethodAccessorImpl.invoke0(Native Method)
at sun.reflect.NativeMethodAccessorImpl.invoke(NativeMethodAccessorImpl.java:62)
at sun.reflect.DelegatingMethodAccessorImpl.invoke(DelegatingMethodAccessorImpl.java:43)
at java.lang.reflect.Method.invoke(Method.java:498)
at org.testng.internal.MethodInvocationHelper.invokeMethod(MethodInvocationHelper.java:124)
at org.testng.internal.Invoker.invokeMethod(Invoker.java:583)
at org.testng.internal.Invoker.invokeTestMethod(Invoker.java:719)
at org.testng.internal.Invoker.invokeTestMethods(Invoker.java:989)
at org.testng.internal.TestMethodWorker.invokeTestMethods(TestMethodWorker.java:125)
at org.testng.internal.TestMethodWorker.run(TestMethodWorker.java:109)
at org.testng.TestRunner.privateRun(TestRunner.java:648)
at org.testng.TestRunner.run(TestRunner.java:505)
at org.testng.SuiteRunner.runTest(SuiteRunner.java:455)
at org.testng.SuiteRunner.runSequentially(SuiteRunner.java:450)
at org.testng.SuiteRunner.privateRun(SuiteRunner.java:415)
at org.testng.SuiteRunner.run(SuiteRunner.java:364)
at org.testng.SuiteRunnerWorker.runSuite(SuiteRunnerWorker.java:52)
at org.testng.SuiteRunnerWorker.run(SuiteRunnerWorker.java:84)
at org.testng.TestNG.runSuitesSequentially(TestNG.java:1208)
at org.testng.TestNG.runSuitesLocally(TestNG.java:1137)
at org.testng.TestNG.runSuites(TestNG.java:1049)
at org.testng.TestNG.run(TestNG.java:1017)
at org.testng.remote.AbstractRemoteTestNG.run(AbstractRemoteTestNG.java:114)
at org.testng.remote.RemoteTestNG.initAndRun(RemoteTestNG.java:251)
at org.testng.remote.RemoteTestNG.main(RemoteTestNG.java:77)
Caused by: java.lang.NullPointerException
at utilities.MasterClass.scrollDownUntilFound(MasterClass.java:636)
at pageFunctions.YoutubeHomePageFunctions.locateVideo(YoutubeHomePageFunctions.java:44)
at stepDefinition.YoutubeTestAutothon.locate_the_video_fetched_in_the_video_call_in_the_videos_list_of_channel(YoutubeTestAutothon.java:60)
at ✽.And Locate the video fetched in the video call in the videos list of channel(YoutubeActions.feature:11)
]]>
            </full-stacktrace>
          </exception> <!-- cucumber.runtime.CucumberException -->
          <reporter-output>
          </reporter-output>
        </test-method> <!-- feature -->
        <test-method status="PASS" signature="tearDownClass()[pri:0, instance:cucumberRunner.CucumberRunnerTestNG@52a86356]" name="tearDownClass" is-config="true" duration-ms="50" started-at="2019-08-21T06:45:56Z" finished-at="2019-08-21T06:45:56Z">
          <reporter-output>
          </reporter-output>
        </test-method> <!-- tearDownClass -->
      </class> <!-- cucumberRunner.CucumberRunnerTestNG -->
    </test> <!-- Default test -->
  </suite> <!-- Default suite -->
</testng-results>
